1 10 20
100 200 125
201 210 89
900 1000 174
608642 611055 359
72570 104976 351
997905 998614 277
642683 644997 354
991992 993191 352
878627 882483 357
920140 920333 202
29484 91587 351
60620 113294 354
912856 914653 357
984650 984903 321
62075 90370 351
84498 106217 341
777617 779593 437
56666 84239 351
994259 994989 365
7554 50664 324
962413 962616 370
26669 111688 354
44386 49370 314
30179 79344 351
228460 231057 443
52822 88162 351
690743 691791 336
999590 999592 171
51851 101371 351
857003 858001 357
93644 105936 341
102696 111835 354
76946 82518 351
122060 134185 344
999660 999777 290
197222 199117 329
996328 996821 352
57007 88115 351
64755 104278 351
670150 673297 367
22052 44584 324
762169 763121 331
797282 798200 344
992904 996434 365
999529 999967 290
984730 989942 427
48265 103269 351
889913 894043 339
993303 996316 365
598230 600037 372
66144 91920 351
987701 991467 352
100110 108351 354
985003 989778 427
526603 528807 377
758531 762148 380
990638 991068 290
4222 101272 351
992382 992743 290
682034 683021 305
996511 996903 352
986722 988538 396
328288 334968 353
993429 995231 365
993807 995112 365
874658 880239 432
992190 996719 365
993440 994423 365
743348 743745 318
296238 300758 371
34830 95290 351
992259 994200 352
28235 37295 324
980148 980337 246
987874 988089 290
994282 996692 365
44758 105024 351
468048 468596 382
127543 134182 344
999451 999495 290
727957 728779 287
454374 456985 356
992487 996980 365
311698 313740 384
579329 579907 328
986898 987278 396
185322 185968 303
2661 58933 340
999431 999801 290
62949 74807 330
892510 895656 370
62453 63473 330
741317 741792 318
625989 626029 292
66185 108974 354
449021 449296 263
790725 791482 344
598247 602406 403
899083 901060 401
37177 104797 351
731450 731993 336
676860 677400 292
143737 145338 326
30606 80077 351
47821 112294 354
71858 110448 354
920742 921023 308
396460 402350 387
981165 981222 321
830726 833565 419
32044 105840 351
999414 999456 259
986356 990057 396
852594 853889 357
60290 112973 354
987026 989011 396
994506 995272 290
988647 991019 352
967473 968249 321
17654 91074 351
347754 356346 379
373083 375850 361
985937 987486 396
670117 678064 385
71032 82285 351
977023 978842 383
18395 66338 340
993877 995519 365
974657 974732 321
37503 76007 340
499395 501591 395
766021 767308 331
790104 794420 437
88884 100772 341
597973 600379 372
964218 966621 365
984012 984426 352
64917 112380 354
52523 94413 351
42940 66539 340
995804 996377 365
16981 35504 311
964163 966225 352
989542 989777 352
995418 996355 365
984909 988449 427
741056 742817 349
11497 52207 324
35469 41472 324
976581 977897 334
770498 773603 393
90771 96499 333
3578 108935 354
941504 942619 339
881242 881371 282
410559 414285 374
12822 61523 340
84987 110844 354
992946 994763 365
273489 274880 358
921306 923080 445
953049 954099 414
987430 989029 352
987866 989558 352
856981 857489 357
801452 803724 406
13203 17655 279
61044 79128 351
777973 778711 437
881865 882103 326
986310 990442 396
45881 71766 340
538950 539078 315
970657 970915 215
48032 58407 340
968887 969197 352
328997 338665 366
992100 992610 321
59153 88382 351
999012 999054 251
504947 508625 382
992304 994640 365
877421 879208 357
182889 182935 334
993779 995298 365
993460 995472 365
708121 710265 349
991357 991762 321
738325 745393 424
32824 80511 351
999847 999852 259
988202 988730 321
998426 999069 396
342659 353733 441
995506 996266 365
691333 693675 442
494642 495262 351
284641 286266 376
896625 899863 370
